<?xml version="1.0" encoding="UTF-8"?>
<!-- Generated by org.testng.reporters.JUnitReportReporter -->
<testsuite hostname="DESKTOP-6U5GF4U" failures="0" tests="12" name="securityMicroservice.FunctionalTest" time="3.375" errors="0" timestamp="2020-05-08T21:01:55 EEST" skipped="0">
  <testcase classname="securityMicroservice.FunctionalTest" name="cleanUpAndSetUp" time="0.005"/>
  <testcase classname="securityMicroservice.FunctionalTest" name="register" time="0.842"/>
  <testcase classname="securityMicroservice.FunctionalTest" name="addItemsToBasket" time="0.877"/>
  <testcase classname="securityMicroservice.FunctionalTest" name="viewBasket" time="0.105"/>
  <testcase classname="securityMicroservice.FunctionalTest" name="updateBasket" time="0.265"/>
  <testcase classname="securityMicroservice.FunctionalTest" name="aboutUs" time="0.090"/>
  <testcase classname="securityMicroservice.FunctionalTest" name="scoringPage" time="0.173"/>
  <testcase classname="securityMicroservice.FunctionalTest" name="contactUs" time="0.279"/>
  <testcase classname="securityMicroservice.FunctionalTest" name="search" time="0.269"/>
  <testcase classname="securityMicroservice.FunctionalTest" name="logout" time="0.110"/>
  <testcase classname="securityMicroservice.FunctionalTest" name="login" time="0.329"/>
  <testcase classname="securityMicroservice.FunctionalTest" name="done" time="0.031"/>
</testsuite> <!-- securityMicroservice.FunctionalTest -->
